<?xml version="1.0" encoding="UTF-8"?>
<!-- Generated by org.testng.reporters.JUnitReportReporter -->
<testsuite skipped="0" hostname="kathala" name="com.crm.qa.testcases.NewContactPageTest" tests="3" failures="0" timestamp="17 Jul 2018 20:16:58 GMT" time="56.005" errors="0">
  <testcase name="createNewContactTest" time="18.563" classname="com.crm.qa.testcases.NewContactPageTest"/>
  <testcase name="createNewContactTest" time="15.164" classname="com.crm.qa.testcases.NewContactPageTest"/>
  <testcase name="createNewContactTest" time="22.278" classname="com.crm.qa.testcases.NewContactPageTest"/>
</testsuite> <!-- com.crm.qa.testcases.NewContactPageTest -->
