<?xml version="1.0" encoding="UTF-8"?>
<!-- Generated by org.testng.reporters.JUnitReportReporter -->
<testsuite skipped="0" hostname="kathala" name="com.crm.qa.testcases.LoginPageTest" tests="3" failures="0" timestamp="16 Jul 2018 17:28:35 GMT" time="24.351" errors="0">
  <testcase name="crmLogoTest" time="5.511" classname="com.crm.qa.testcases.LoginPageTest"/>
  <testcase name="loginTest" time="12.103" classname="com.crm.qa.testcases.LoginPageTest"/>
  <testcase name="loginPageTitleTest" time="6.737" classname="com.crm.qa.testcases.LoginPageTest"/>
</testsuite> <!-- com.crm.qa.testcases.LoginPageTest -->
