<?xml version="1.0" encoding="UTF-8"?>
<!-- Generated by org.testng.reporters.JUnitReportReporter -->
<testsuite skipped="0" hostname="kathala" name="com.crm.qa.testcases.LoginPageTest" tests="3" failures="0" timestamp="16 Jul 2018 20:39:03 GMT" time="25.475" errors="0">
  <testcase name="loginPageTitleTest" time="7.518" classname="com.crm.qa.testcases.LoginPageTest"/>
  <testcase name="crmLogoTest" time="6.181" classname="com.crm.qa.testcases.LoginPageTest"/>
  <testcase name="loginTest" time="11.776" classname="com.crm.qa.testcases.LoginPageTest"/>
</testsuite> <!-- com.crm.qa.testcases.LoginPageTest -->
