<?xml version="1.0" encoding="UTF-8"?>
<!-- Generated by org.testng.reporters.JUnitReportReporter -->
<testsuite skipped="0" hostname="kathala" name="com.crm.qa.testcases.HomePageTest" tests="1" failures="0" timestamp="16 Jul 2018 20:40:03 GMT" time="15.198" errors="0">
  <testcase name="navigateToContactsPageTest" time="15.198" classname="com.crm.qa.testcases.HomePageTest"/>
</testsuite> <!-- com.crm.qa.testcases.HomePageTest -->
