<?xml version="1.0" encoding="UTF-8"?>
<!-- Generated by org.testng.reporters.JUnitReportReporter -->
<testsuite skipped="0" hostname="kathala" name="com.crm.qa.testcases.LoginPageTest" tests="1" failures="0" timestamp="18 Jul 2018 19:01:27 GMT" time="14.017" errors="0">
  <testcase name="loginTest" time="14.017" classname="com.crm.qa.testcases.LoginPageTest"/>
</testsuite> <!-- com.crm.qa.testcases.LoginPageTest -->
