<?xml version="1.0" encoding="UTF-8"?>
<!-- Generated by org.testng.reporters.JUnitReportReporter -->
<testsuite skipped="0" hostname="kathala" name="com.crm.qa.testcases.NewContactPageTest" tests="3" failures="0" timestamp="18 Jul 2018 14:30:00 GMT" time="51.491" errors="0">
  <testcase name="createNewContactTest" time="17.038" classname="com.crm.qa.testcases.NewContactPageTest"/>
  <testcase name="createNewContactTest" time="20.591" classname="com.crm.qa.testcases.NewContactPageTest"/>
  <testcase name="createNewContactTest" time="13.862" classname="com.crm.qa.testcases.NewContactPageTest"/>
</testsuite> <!-- com.crm.qa.testcases.NewContactPageTest -->
